Assembler report for gige_transport
Wed Oct 23 18:07:56 2013
Quartus II Version 9.0 Build 132 02/25/2009 SJ Full Version


---------------------
; Table of Contents ;
---------------------
  1. Legal Notice
  2. Assembler Summary
  3. Assembler Settings
  4. Assembler Generated Files
  5. Assembler Device Options: E:/804/2013_10_22/ssd_ctrl/gige_transport.sof
  6. Assembler Device Options: E:/804/2013_10_22/ssd_ctrl/gige_transport.pof
  7. Assembler Messages



----------------
; Legal Notice ;
----------------
Copyright (C) 1991-2009 Altera Corporation
Your use of Altera Corporation's design tools, logic functions 
and other software and tools, and its AMPP partner logic 
functions, and any output files from any of the foregoing 
(including device programming or simulation files), and any 
associated documentation or information are expressly subject 
to the terms and conditions of the Altera Program License 
Subscription Agreement, Altera MegaCore Function License 
Agreement, or other applicable license agreement, including, 
without limitation, that your use is for the sole purpose of 
programming logic devices manufactured by Altera and sold by 
Altera or its authorized distributors.  Please refer to the 
applicable agreement for further details.



+---------------------------------------------------------------+
; Assembler Summary                                             ;
+-----------------------+---------------------------------------+
; Assembler Status      ; Successful - Wed Oct 23 18:07:56 2013 ;
; Revision Name         ; gige_transport                        ;
; Top-level Entity Name ; gige_transport_top                    ;
; Family                ; Stratix II                            ;
; Device                ; EP2S180F1508I4                        ;
+-----------------------+---------------------------------------+


+--------------------------------------------------------------------------------------------------------+
; Assembler Settings                                                                                     ;
+-----------------------------------------------------------------------------+----------+---------------+
; Option                                                                      ; Setting  ; Default Value ;
+-----------------------------------------------------------------------------+----------+---------------+
; Generate Tabular Text File (.ttf) For Target Device                         ; On       ; Off           ;
; Use smart compilation                                                       ; Off      ; Off           ;
; Generate compressed bitstreams                                              ; On       ; On            ;
; Compression mode                                                            ; Off      ; Off           ;
; Clock source for configuration device                                       ; Internal ; Internal      ;
; Clock frequency of the configuration device                                 ; 10 MHZ   ; 10 MHz        ;
; Divide clock frequency by                                                   ; 1        ; 1             ;
; Auto user code                                                              ; Off      ; Off           ;
; Use configuration device                                                    ; On       ; On            ;
; Configuration device                                                        ; Auto     ; Auto          ;
; Configuration device auto user code                                         ; Off      ; Off           ;
; Generate Raw Binary File (.rbf) For Target Device                           ; Off      ; Off           ;
; Generate Hexadecimal (Intel-Format) Output File (.hexout) for Target Device ; Off      ; Off           ;
; Hexadecimal Output File start address                                       ; 0        ; 0             ;
; Hexadecimal Output File count direction                                     ; Up       ; Up            ;
; Release clears before tri-states                                            ; Off      ; Off           ;
; Auto-restart configuration after error                                      ; On       ; On            ;
; Maintain Compatibility with All Stratix II MRAM Versions                    ; Off      ; Off           ;
; Use Checkered Pattern as Uninitialized RAM Content                          ; Off      ; Off           ;
; Generate Serial Vector Format File (.svf) for Target Device                 ; Off      ; Off           ;
; Generate a JEDEC STAPL Format File (.jam) for Target Device                 ; Off      ; Off           ;
; Generate a compressed Jam STAPL Byte Code 2.0 File (.jbc) for Target Device ; Off      ; Off           ;
; Generate a compressed Jam STAPL Byte Code 2.0 File (.jbc) for Target Device ; On       ; On            ;
+-----------------------------------------------------------------------------+----------+---------------+


+-----------------------------------------------+
; Assembler Generated Files                     ;
+-----------------------------------------------+
; File Name                                     ;
+-----------------------------------------------+
; E:/804/2013_10_22/ssd_ctrl/gige_transport.sof ;
; E:/804/2013_10_22/ssd_ctrl/gige_transport.pof ;
; E:/804/2013_10_22/ssd_ctrl/gige_transport.ttf ;
+-----------------------------------------------+


+-------------------------------------------------------------------------+
; Assembler Device Options: E:/804/2013_10_22/ssd_ctrl/gige_transport.sof ;
+----------------+--------------------------------------------------------+
; Option         ; Setting                                                ;
+----------------+--------------------------------------------------------+
; Device         ; EP2S180F1508I4                                         ;
; JTAG usercode  ; 0xFFFFFFFF                                             ;
; Checksum       ; 0x02577CDE                                             ;
+----------------+--------------------------------------------------------+


+-------------------------------------------------------------------------+
; Assembler Device Options: E:/804/2013_10_22/ssd_ctrl/gige_transport.pof ;
+--------------------+----------------------------------------------------+
; Option             ; Setting                                            ;
+--------------------+----------------------------------------------------+
; Device             ; EPCS16                                             ;
; JTAG usercode      ; 0x00000000                                         ;
; Checksum           ; 0x05A4F81A                                         ;
; Compression Ratio  ; 3                                                  ;
+--------------------+----------------------------------------------------+


+--------------------+
; Assembler Messages ;
+--------------------+
Info: *******************************************************************
Info: Running Quartus II Assembler
    Info: Version 9.0 Build 132 02/25/2009 SJ Full Version
    Info: Processing started: Wed Oct 23 18:07:32 2013
Info: Command: quartus_asm --read_settings_files=off --write_settings_files=off gige_transport -c gige_transport
Info: Programming file is not compatible with all EP2S180F1508I4 devices. See the Stratix II Errata Sheet for more information.
Info: Writing out detailed assembly data for power analysis
Info: Assembler is generating device programming files
Info: Quartus II Assembler was successful. 0 errors, 0 warnings
    Info: Peak virtual memory: 686 megabytes
    Info: Processing ended: Wed Oct 23 18:07:56 2013
    Info: Elapsed time: 00:00:24
    Info: Total CPU time (on all processors): 00:00:24


